\BOOKMARK [1][]{section.1}{Topologia Algebrica \(6 cfu\)}{}% 1
\BOOKMARK [2][]{subsection.1.1}{DONE Lezione 1}{section.1}% 2
\BOOKMARK [2][]{subsection.1.2}{DONE Lezione 2}{section.1}% 3
\BOOKMARK [2][]{subsection.1.3}{DONE Lezione 3}{section.1}% 4
\BOOKMARK [2][]{subsection.1.4}{DONE Lezione 4 [100\045]}{section.1}% 5
\BOOKMARK [2][]{subsection.1.5}{DONE Lezione 5 [100\045]}{section.1}% 6
\BOOKMARK [2][]{subsection.1.6}{DONE Lezione 6 [100\045]}{section.1}% 7
\BOOKMARK [2][]{subsection.1.7}{DONE Lezione 7 [100\045]}{section.1}% 8
\BOOKMARK [2][]{subsection.1.8}{DONE Lezione 8 [100\045]}{section.1}% 9
\BOOKMARK [2][]{subsection.1.9}{DONE Lezione 9 [100\045]}{section.1}% 10
\BOOKMARK [2][]{subsection.1.10}{DONE Lezione 10 [100\045]}{section.1}% 11
\BOOKMARK [2][]{subsection.1.11}{Lezione 11 [91\045]}{section.1}% 12
\BOOKMARK [2][]{subsection.1.12}{Lezione 12 [60\045]}{section.1}% 13
\BOOKMARK [2][]{subsection.1.13}{Lezione 13 [88\045]}{section.1}% 14
\BOOKMARK [2][]{subsection.1.14}{Lezione 14 [88\045]}{section.1}% 15
\BOOKMARK [2][]{subsection.1.15}{DONE Lezione 15 [100\045]}{section.1}% 16
\BOOKMARK [2][]{subsection.1.16}{DONE Lezione 16 [100\045]}{section.1}% 17
\BOOKMARK [2][]{subsection.1.17}{Lezione 17 [\045]}{section.1}% 18
\BOOKMARK [1][]{section.2}{Definizione Categoriale}{}% 19
\BOOKMARK [1][]{section.3}{Teoria delle Categorie}{}% 20
\BOOKMARK [1][]{section.4}{Istituzioni di Geometria \(9 cfu\)}{}% 21
\BOOKMARK [2][]{subsection.4.1}{Geometria Algebrica \(3 cfu\)}{section.4}% 22
\BOOKMARK [2][]{subsection.4.2}{Geometria Differenziale}{section.4}% 23
\BOOKMARK [1][]{section.5}{Istituzioni di Analisi \(9 cfu\)}{}% 24
\BOOKMARK [1][]{section.6}{Istituzioni di Logica \(9 cfu\)}{}% 25
\BOOKMARK [2][]{subsection.6.1}{Fondamenti di Logica}{section.6}% 26
\BOOKMARK [2][]{subsection.6.2}{Basic Set Theory}{section.6}% 27
\BOOKMARK [3][]{subsubsection.6.2.1}{Section 16}{subsection.6.2}% 28
\BOOKMARK [3][]{subsubsection.6.2.2}{Section 18}{subsection.6.2}% 29
\BOOKMARK [3][]{subsubsection.6.2.3}{Section 19}{subsection.6.2}% 30
\BOOKMARK [3][]{subsubsection.6.2.4}{Section 20}{subsection.6.2}% 31
\BOOKMARK [3][]{subsubsection.6.2.5}{Section 21}{subsection.6.2}% 32
\BOOKMARK [2][]{subsection.6.3}{Model Theory}{section.6}% 33
\BOOKMARK [3][]{subsubsection.6.3.1}{Capitolo 1 \(1\)}{subsection.6.3}% 34
\BOOKMARK [3][]{subsubsection.6.3.2}{Capitolo 2 \(22\)}{subsection.6.3}% 35
\BOOKMARK [3][]{subsubsection.6.3.3}{Capitolo 3 \(0\)}{subsection.6.3}% 36
\BOOKMARK [3][]{subsubsection.6.3.4}{Capitolo 4 \(0\)}{subsection.6.3}% 37
\BOOKMARK [3][]{subsubsection.6.3.5}{Capitolo 5 \(2\)}{subsection.6.3}% 38
\BOOKMARK [3][]{subsubsection.6.3.6}{Capitolo 6 \(8\)}{subsection.6.3}% 39
\BOOKMARK [3][]{subsubsection.6.3.7}{Capitolo 7 \(5\)}{subsection.6.3}% 40
\BOOKMARK [3][]{subsubsection.6.3.8}{Capitolo 8 \(10\)}{subsection.6.3}% 41
\BOOKMARK [3][]{subsubsection.6.3.9}{Capitolo 9 \(10\)}{subsection.6.3}% 42
\BOOKMARK [3][]{subsubsection.6.3.10}{Capitolo 10 \(0\)}{subsection.6.3}% 43
\BOOKMARK [3][]{subsubsection.6.3.11}{Capitolo 11 \(12\)}{subsection.6.3}% 44
\BOOKMARK [2][]{subsection.6.4}{Ricorsione}{section.6}% 45
\BOOKMARK [3][]{subsubsection.6.4.1}{Capitolo 1: Cenni di ricorsivit\340}{subsection.6.4}% 46
\BOOKMARK [3][]{subsubsection.6.4.2}{Capitolo 2: Definibilit\340 nel modello standard}{subsection.6.4}% 47
\BOOKMARK [3][]{subsubsection.6.4.3}{Capitolo 3: Teorie formali dell'aritmetica}{subsection.6.4}% 48
\BOOKMARK [3][]{subsubsection.6.4.4}{Capitolo 4: Incompletezza e indecidibilit\340}{subsection.6.4}% 49
\BOOKMARK [1][]{section.7}{Lezione 2 - <2025-09-24 Wed>}{}% 50
\BOOKMARK [1][]{section.8}{Lezione 3 - <2025-09-26 Fri>}{}% 51
\BOOKMARK [1][]{section.9}{Lezione 4 - <2025-09-30 Tue>}{}% 52
\BOOKMARK [1][]{section.10}{Lezione 5 - <2025-10-01 Wed>}{}% 53
